[ INF 12-06-2022 01:06:09 ]	Starting server
[ INF 12-06-2022 01:06:09 ]	Configuration loaded: 
Logging configuration: 
	log_file: server.log
Server configuration: 
	Protocol: 0
	Domain: IPv4
	Type: TCP
	Port: 3000
	Max connections: 50000
	Address: 127.0.0.1
Application configuration: 
	Code Name: alpha
	App Name: Test Server
	Version: 1.0.0

[ INF 12-06-2022 01:06:09 ]	Create server socket
[ INF 12-06-2022 01:06:09 ]	Port -> 3000
[ INF 12-06-2022 01:06:09 ]	IP -> 127.0.0.1
[ INF 12-06-2022 01:06:09 ]	Bind server socket
[ FTL 12-06-2022 01:06:09 ]	Can't bind socket
[ INF 12-06-2022 01:06:58 ]	Starting server
[ INF 12-06-2022 01:06:58 ]	Configuration loaded: 
Logging configuration: 
	log_file: server.log
Server configuration: 
	Protocol: 0
	Domain: IPv4
	Type: TCP
	Port: 3000
	Max connections: 50000
	Address: 127.0.0.1
Application configuration: 
	Code Name: alpha
	App Name: Test Server
	Version: 1.0.0

[ INF 12-06-2022 01:06:58 ]	Create server socket
[ INF 12-06-2022 01:06:58 ]	Port -> 3000
[ INF 12-06-2022 01:06:58 ]	IP -> 127.0.0.1
[ INF 12-06-2022 01:06:58 ]	Bind server socket
[ FTL 12-06-2022 01:06:58 ]	Can't bind socket
[ INF 12-06-2022 01:08:33 ]	Starting server
[ INF 12-06-2022 01:08:33 ]	Configuration loaded: 
Logging configuration: 
	log_file: server.log
Server configuration: 
	Protocol: 0
	Domain: IPv4
	Type: TCP
	Port: 3000
	Max connections: 50000
	Address: 127.0.0.1
Application configuration: 
	Code Name: alpha
	App Name: Test Server
	Version: 1.0.0

[ INF 12-06-2022 01:08:33 ]	Create server socket
[ INF 12-06-2022 01:08:33 ]	Port -> 3000
[ INF 12-06-2022 01:08:33 ]	IP -> 127.0.0.1
[ INF 12-06-2022 01:08:33 ]	Bind server socket
[ FTL 12-06-2022 01:08:33 ]	Can't bind socket
[ INF 12-06-2022 01:09:46 ]	Starting server
[ INF 12-06-2022 01:09:46 ]	Configuration loaded: 
Logging configuration: 
	log_file: server.log
Server configuration: 
	Protocol: 0
	Domain: IPv4
	Type: TCP
	Port: 3000
	Max connections: 50000
	Address: 127.0.0.1
Application configuration: 
	Code Name: alpha
	App Name: Test Server
	Version: 1.0.0

[ INF 12-06-2022 01:09:46 ]	Create server socket
[ INF 12-06-2022 01:09:46 ]	Port -> 3000
[ INF 12-06-2022 01:09:46 ]	IP -> 127.0.0.1
[ INF 12-06-2022 01:09:46 ]	Domain -> 2
[ INF 12-06-2022 01:09:46 ]	In Addr -> 16777343
[ INF 12-06-2022 01:09:46 ]	Bind server socket
[ FTL 12-06-2022 01:09:46 ]	Can't bind socket
[ INF 12-06-2022 01:11:57 ]	Starting server
[ INF 12-06-2022 01:11:57 ]	Configuration loaded: 
Logging configuration: 
	log_file: server.log
Server configuration: 
	Protocol: 0
	Domain: IPv4
	Type: TCP
	Port: 3000
	Max connections: 50000
	Address: 127.0.0.1
Application configuration: 
	Code Name: alpha
	App Name: Test Server
	Version: 1.0.0

[ INF 12-06-2022 01:11:57 ]	Create server socket
[ INF 12-06-2022 01:11:57 ]	Port -> 3000
[ INF 12-06-2022 01:11:57 ]	IP -> 127.0.0.1
[ INF 12-06-2022 01:11:57 ]	Domain -> 2
[ INF 12-06-2022 01:11:57 ]	In Addr -> 16777343
[ INF 12-06-2022 01:11:57 ]	Out Addr -> 0
[ INF 12-06-2022 01:11:57 ]	Bind server socket
[ FTL 12-06-2022 01:11:57 ]	Can't bind socket
[ INF 12-06-2022 01:12:17 ]	Starting server
[ INF 12-06-2022 01:12:17 ]	Configuration loaded: 
Logging configuration: 
	log_file: server.log
Server configuration: 
	Protocol: 0
	Domain: IPv4
	Type: TCP
	Port: 3000
	Max connections: 50000
	Address: 127.0.0.1
Application configuration: 
	Code Name: alpha
	App Name: Test Server
	Version: 1.0.0

[ INF 12-06-2022 01:12:17 ]	Create server socket
[ INF 12-06-2022 01:12:17 ]	Port -> 3000
[ INF 12-06-2022 01:12:17 ]	IP -> 127.0.0.1
[ INF 12-06-2022 01:12:17 ]	Domain -> 2
[ INF 12-06-2022 01:12:17 ]	In Addr -> 16777343
[ INF 12-06-2022 01:12:17 ]	Out Addr -> 2130706433
[ INF 12-06-2022 01:12:17 ]	Bind server socket
[ FTL 12-06-2022 01:12:17 ]	Can't bind socket
[ INF 12-06-2022 01:13:28 ]	Starting server
[ INF 12-06-2022 01:13:28 ]	Configuration loaded: 
Logging configuration: 
	log_file: server.log
Server configuration: 
	Protocol: 0
	Domain: IPv4
	Type: TCP
	Port: 3000
	Max connections: 50000
	Address: 127.0.0.1
Application configuration: 
	Code Name: alpha
	App Name: Test Server
	Version: 1.0.0

[ INF 12-06-2022 01:13:28 ]	Create server socket
[ INF 12-06-2022 01:13:28 ]	Test address -> 127.0.0.1
[ INF 12-06-2022 01:13:28 ]	Port -> 3000
[ INF 12-06-2022 01:13:28 ]	IP -> 127.0.0.1
[ INF 12-06-2022 01:13:28 ]	Domain -> 2
[ INF 12-06-2022 01:13:28 ]	In Addr -> 16777343
[ INF 12-06-2022 01:13:28 ]	Out Addr -> 2130706433
[ INF 12-06-2022 01:13:28 ]	Bind server socket
[ FTL 12-06-2022 01:13:28 ]	Can't bind socket
[ INF 12-06-2022 01:17:19 ]	Starting server
[ INF 12-06-2022 01:17:19 ]	Configuration loaded: 
Logging configuration: 
	log_file: server.log
Server configuration: 
	Protocol: 0
	Domain: IPv4
	Type: TCP
	Port: 3000
	Max connections: 50000
	Address: 127.0.0.1
Application configuration: 
	Code Name: alpha
	App Name: Test Server
	Version: 1.0.0

[ INF 12-06-2022 01:17:19 ]	Create server socket
[ INF 12-06-2022 01:17:19 ]	Port -> 3000
[ INF 12-06-2022 01:17:19 ]	IP -> 127.0.0.1
[ INF 12-06-2022 01:17:19 ]	Bind server socket
[ FTL 12-06-2022 01:17:19 ]	Can't bind socket
[ INF 12-06-2022 01:17:52 ]	Starting server
[ INF 12-06-2022 01:17:52 ]	Configuration loaded: 
Logging configuration: 
	log_file: server.log
Server configuration: 
	Protocol: 0
	Domain: IPv4
	Type: TCP
	Port: 3000
	Max connections: 50000
	Address: 127.0.0.1
Application configuration: 
	Code Name: alpha
	App Name: Test Server
	Version: 1.0.0

[ INF 12-06-2022 01:17:52 ]	Create server socket
[ INF 12-06-2022 01:17:52 ]	Port -> 3000
[ INF 12-06-2022 01:17:52 ]	IP -> 127.0.0.1
[ INF 12-06-2022 01:17:52 ]	Bind server socket
[ FTL 12-06-2022 01:17:52 ]	Can't bind socket
[ INF 12-06-2022 01:18:14 ]	Starting server
[ INF 12-06-2022 01:18:14 ]	Configuration loaded: 
Logging configuration: 
	log_file: server.log
Server configuration: 
	Protocol: 0
	Domain: IPv4
	Type: TCP
	Port: 8888
	Max connections: 50000
	Address: 127.0.0.1
Application configuration: 
	Code Name: alpha
	App Name: Test Server
	Version: 1.0.0

[ INF 12-06-2022 01:18:14 ]	Create server socket
[ INF 12-06-2022 01:18:14 ]	Port -> 8888
[ INF 12-06-2022 01:18:14 ]	IP -> 127.0.0.1
[ INF 12-06-2022 01:18:14 ]	Bind server socket
[ FTL 12-06-2022 01:18:14 ]	Can't bind socket
[ INF 12-06-2022 01:19:57 ]	Starting server
[ INF 12-06-2022 01:19:57 ]	Configuration loaded: 
Logging configuration: 
	log_file: server.log
Server configuration: 
	Protocol: 0
	Domain: IPv4
	Type: TCP
	Port: 8888
	Max connections: 50000
	Address: 127.0.0.1
Application configuration: 
	Code Name: alpha
	App Name: Test Server
	Version: 1.0.0

[ INF 12-06-2022 01:19:57 ]	Create server socket
[ INF 12-06-2022 01:19:57 ]	Port -> 8888
[ INF 12-06-2022 01:19:57 ]	IP -> 127.0.0.1
[ INF 12-06-2022 01:19:57 ]	Bind server socket
[ FTL 12-06-2022 01:19:57 ]	Can't bind socket
[ INF 12-06-2022 01:22:01 ]	Starting server
[ INF 12-06-2022 01:22:01 ]	Configuration loaded: 
Logging configuration: 
	log_file: server.log
Server configuration: 
	Protocol: 0
	Domain: IPv4
	Type: TCP
	Port: 8888
	Max connections: 50000
	Address: 127.0.0.1
Application configuration: 
	Code Name: alpha
	App Name: Test Server
	Version: 1.0.0

[ INF 12-06-2022 01:22:01 ]	Create server socket
[ INF 12-06-2022 01:22:01 ]	Port -> 8888
[ INF 12-06-2022 01:22:01 ]	IP -> 127.0.0.1
[ INF 12-06-2022 01:22:01 ]	Bind server socket
[ FTL 12-06-2022 01:22:01 ]	Can't bind socket
[ INF 12-06-2022 01:24:34 ]	Starting server
[ INF 12-06-2022 01:24:34 ]	Configuration loaded: 
Logging configuration: 
	log_file: server.log
Server configuration: 
	Protocol: 0
	Domain: IPv4
	Type: TCP
	Port: 8888
	Max connections: 50000
	Address: 127.0.0.1
Application configuration: 
	Code Name: alpha
	App Name: Test Server
	Version: 1.0.0

[ INF 12-06-2022 01:24:34 ]	Create server socket
[ INF 12-06-2022 01:24:34 ]	Port -> 8888
[ INF 12-06-2022 01:24:34 ]	IP -> 127.0.0.1
[ INF 12-06-2022 01:24:34 ]	Bind server socket
[ FTL 12-06-2022 01:24:34 ]	Can't bind socket
[ INF 12-06-2022 01:27:51 ]	Starting server
[ INF 12-06-2022 01:27:51 ]	Configuration loaded: 
Logging configuration: 
	log_file: server.log
Server configuration: 
	Protocol: 0
	Domain: IPv4
	Type: TCP
	Port: 8888
	Max connections: 50000
	Address: 127.0.0.1
Application configuration: 
	Code Name: alpha
	App Name: Test Server
	Version: 1.0.0

[ INF 12-06-2022 01:27:51 ]	Create server socket
[ INF 12-06-2022 01:27:51 ]	Port -> 8888
[ INF 12-06-2022 01:27:51 ]	IP -> 127.0.0.1
[ INF 12-06-2022 01:27:51 ]	Bind server socket
[ FTL 12-06-2022 01:27:51 ]	Can't bind socket
[ INF 12-06-2022 01:28:15 ]	Starting server
[ INF 12-06-2022 01:28:15 ]	Configuration loaded: 
Logging configuration: 
	log_file: server.log
Server configuration: 
	Protocol: 0
	Domain: IPv4
	Type: TCP
	Port: 8888
	Max connections: 50000
	Address: 127.0.0.1
Application configuration: 
	Code Name: alpha
	App Name: Test Server
	Version: 1.0.0

[ INF 12-06-2022 01:28:15 ]	Create server socket
[ INF 12-06-2022 01:28:15 ]	Port -> 8888
[ INF 12-06-2022 01:28:15 ]	IP -> 127.0.0.1
[ INF 12-06-2022 01:28:15 ]	Bind server socket
[ FTL 12-06-2022 01:28:15 ]	Can't bind socket
[ INF 12-06-2022 01:28:48 ]	Starting server
[ INF 12-06-2022 01:28:48 ]	Configuration loaded: 
Logging configuration: 
	log_file: server.log
Server configuration: 
	Protocol: 0
	Domain: IPv4
	Type: TCP
	Port: 8888
	Max connections: 50000
	Address: 127.0.0.1
Application configuration: 
	Code Name: alpha
	App Name: Test Server
	Version: 1.0.0

[ INF 12-06-2022 01:28:48 ]	Create server socket
[ INF 12-06-2022 01:28:48 ]	Port -> 8888
[ INF 12-06-2022 01:28:48 ]	IP -> 127.0.0.1
[ INF 12-06-2022 01:28:48 ]	Bind server socket
[ FTL 12-06-2022 01:28:48 ]	Can't bind socket
[ INF 12-06-2022 01:29:34 ]	Starting server
[ INF 12-06-2022 01:29:34 ]	Configuration loaded: 
Logging configuration: 
	log_file: server.log
Server configuration: 
	Protocol: 0
	Domain: IPv4
	Type: TCP
	Port: 8888
	Max connections: 50000
	Address: 127.0.0.1
Application configuration: 
	Code Name: alpha
	App Name: Test Server
	Version: 1.0.0

[ INF 12-06-2022 01:29:34 ]	Create server socket
[ INF 12-06-2022 01:29:34 ]	Port -> 8888
[ INF 12-06-2022 01:29:34 ]	IP -> 127.0.0.1
[ INF 12-06-2022 01:29:34 ]	Bind server socket
[ FTL 12-06-2022 01:29:34 ]	Can't bind socket
[ INF 12-06-2022 01:34:47 ]	Starting server
[ INF 12-06-2022 01:34:47 ]	Configuration loaded: 
Logging configuration: 
	log_file: server.log
Server configuration: 
	Protocol: 0
	Domain: IPv4
	Type: TCP
	Port: 8888
	Max connections: 50000
	Address: 127.0.0.1
Application configuration: 
	Code Name: alpha
	App Name: Test Server
	Version: 1.0.0

[ INF 12-06-2022 01:34:47 ]	Create server socket
[ INF 12-06-2022 01:34:47 ]	Port -> 8888
[ INF 12-06-2022 01:34:47 ]	IP -> 127.0.0.1
[ INF 12-06-2022 01:34:47 ]	Bind server socket
[ FTL 12-06-2022 01:34:47 ]	Can't bind socket
[ INF 12-06-2022 01:35:17 ]	Starting server
[ INF 12-06-2022 01:35:17 ]	Configuration loaded: 
Logging configuration: 
	log_file: server.log
Server configuration: 
	Protocol: 0
	Domain: IPv4
	Type: TCP
	Port: 8888
	Max connections: 50000
	Address: 127.0.0.1
Application configuration: 
	Code Name: alpha
	App Name: Test Server
	Version: 1.0.0

[ INF 12-06-2022 01:35:17 ]	Create server socket
[ INF 12-06-2022 01:35:17 ]	Port -> 8888
[ INF 12-06-2022 01:35:17 ]	IP -> 127.0.0.1
[ INF 12-06-2022 01:35:17 ]	Port -> 256
[ INF 12-06-2022 01:35:17 ]	Bind server socket
[ FTL 12-06-2022 01:35:17 ]	Can't bind socket
[ INF 12-06-2022 01:35:45 ]	Starting server
[ INF 12-06-2022 01:35:45 ]	Configuration loaded: 
Logging configuration: 
	log_file: server.log
Server configuration: 
	Protocol: 0
	Domain: IPv4
	Type: TCP
	Port: 8888
	Max connections: 50000
	Address: 127.0.0.1
Application configuration: 
	Code Name: alpha
	App Name: Test Server
	Version: 1.0.0

[ INF 12-06-2022 01:35:45 ]	Create server socket
[ INF 12-06-2022 01:35:45 ]	Port -> 8888
[ INF 12-06-2022 01:35:45 ]	IP -> 127.0.0.1
[ INF 12-06-2022 01:35:45 ]	Port -> 1
[ INF 12-06-2022 01:35:45 ]	Bind server socket
[ FTL 12-06-2022 01:35:45 ]	Can't bind socket
[ INF 12-06-2022 01:36:24 ]	Starting server
[ INF 12-06-2022 01:36:24 ]	Configuration loaded: 
Logging configuration: 
	log_file: server.log
Server configuration: 
	Protocol: 0
	Domain: IPv4
	Type: TCP
	Port: 8888
	Max connections: 50000
	Address: 127.0.0.1
Application configuration: 
	Code Name: alpha
	App Name: Test Server
	Version: 1.0.0

[ INF 12-06-2022 01:36:24 ]	Create server socket
[ INF 12-06-2022 01:36:24 ]	Port -> 8888
[ INF 12-06-2022 01:36:24 ]	IP -> 127.0.0.1
[ INF 12-06-2022 01:36:24 ]	Port -> 1
[ INF 12-06-2022 01:36:24 ]	Bind server socket
[ FTL 12-06-2022 01:36:24 ]	Can't bind socket
[ INF 12-06-2022 01:37:23 ]	Starting server
[ INF 12-06-2022 01:37:23 ]	Configuration loaded: 
Logging configuration: 
	log_file: server.log
Server configuration: 
	Protocol: 0
	Domain: IPv4
	Type: TCP
	Port: 8888
	Max connections: 50000
	Address: 127.0.0.1
Application configuration: 
	Code Name: alpha
	App Name: Test Server
	Version: 1.0.0

[ INF 12-06-2022 01:37:23 ]	Create server socket
[ INF 12-06-2022 01:37:23 ]	Port -> 8888
[ INF 12-06-2022 01:37:23 ]	IP -> 127.0.0.1
[ INF 12-06-2022 01:37:23 ]	Port -> 1
[ INF 12-06-2022 01:37:23 ]	Port -> 16777216
[ INF 12-06-2022 01:37:23 ]	Bind server socket
[ FTL 12-06-2022 01:37:23 ]	Can't bind socket
[ INF 12-06-2022 01:38:22 ]	Starting server
[ INF 12-06-2022 01:38:22 ]	Configuration loaded: 
Logging configuration: 
	log_file: server.log
Server configuration: 
	Protocol: 0
	Domain: IPv4
	Type: TCP
	Port: 8888
	Max connections: 50000
	Address: 127.0.0.1
Application configuration: 
	Code Name: alpha
	App Name: Test Server
	Version: 1.0.0

[ INF 12-06-2022 01:38:22 ]	Create server socket
[ INF 12-06-2022 01:38:22 ]	Port -> 8888
[ INF 12-06-2022 01:38:22 ]	IP -> 127.0.0.1
[ INF 12-06-2022 01:38:22 ]	Port -> 16777343
[ INF 12-06-2022 01:38:22 ]	Port -> 2130706433
[ INF 12-06-2022 01:38:22 ]	Bind server socket
[ FTL 12-06-2022 01:38:22 ]	Can't bind socket
[ INF 12-06-2022 01:39:08 ]	Starting server
[ INF 12-06-2022 01:39:08 ]	Configuration loaded: 
Logging configuration: 
	log_file: server.log
Server configuration: 
	Protocol: 0
	Domain: IPv4
	Type: TCP
	Port: 8888
	Max connections: 50000
	Address: 127.0.0.1
Application configuration: 
	Code Name: alpha
	App Name: Test Server
	Version: 1.0.0

[ INF 12-06-2022 01:39:08 ]	Create server socket
[ INF 12-06-2022 01:39:08 ]	Port -> 8888
[ INF 12-06-2022 01:39:08 ]	IP -> 127.0.0.1
[ INF 12-06-2022 01:39:08 ]	Bind server socket
[ FTL 12-06-2022 01:39:08 ]	Can't bind socket
[ INF 12-06-2022 01:39:55 ]	Starting server
[ INF 12-06-2022 01:39:55 ]	Configuration loaded: 
Logging configuration: 
	log_file: server.log
Server configuration: 
	Protocol: 0
	Domain: IPv4
	Type: TCP
	Port: 8888
	Max connections: 50000
	Address: 127.0.0.1
Application configuration: 
	Code Name: alpha
	App Name: Test Server
	Version: 1.0.0

[ INF 12-06-2022 01:39:55 ]	Create server socket
[ INF 12-06-2022 01:39:55 ]	Port -> 8888
[ INF 12-06-2022 01:39:55 ]	IP -> 127.0.0.1
[ INF 12-06-2022 01:39:55 ]	Local address -> 2130706433
[ INF 12-06-2022 01:39:55 ]	Local address -> 16777343
[ INF 12-06-2022 01:39:55 ]	Bind server socket
[ FTL 12-06-2022 01:39:55 ]	Can't bind socket
[ INF 12-06-2022 01:40:23 ]	Starting server
[ INF 12-06-2022 01:40:23 ]	Configuration loaded: 
Logging configuration: 
	log_file: server.log
Server configuration: 
	Protocol: 0
	Domain: IPv4
	Type: TCP
	Port: 8888
	Max connections: 50000
	Address: 127.0.0.1
Application configuration: 
	Code Name: alpha
	App Name: Test Server
	Version: 1.0.0

[ INF 12-06-2022 01:40:23 ]	Create server socket
[ INF 12-06-2022 01:40:23 ]	Port -> 8888
[ INF 12-06-2022 01:40:23 ]	IP -> 127.0.0.1
[ INF 12-06-2022 01:40:23 ]	Local address -> 2130706433
[ INF 12-06-2022 01:40:23 ]	Local address -> 16777343
[ INF 12-06-2022 01:40:23 ]	Local address -> 2130706433
[ INF 12-06-2022 01:40:23 ]	Bind server socket
[ FTL 12-06-2022 01:40:23 ]	Can't bind socket
[ INF 12-06-2022 01:41:00 ]	Starting server
[ INF 12-06-2022 01:41:00 ]	Configuration loaded: 
Logging configuration: 
	log_file: server.log
Server configuration: 
	Protocol: 0
	Domain: IPv4
	Type: TCP
	Port: 8888
	Max connections: 50000
	Address: 127.0.0.1
Application configuration: 
	Code Name: alpha
	App Name: Test Server
	Version: 1.0.0

[ INF 12-06-2022 01:41:00 ]	Create server socket
[ INF 12-06-2022 01:41:00 ]	Port -> 8888
[ INF 12-06-2022 01:41:00 ]	IP -> 127.0.0.1
[ INF 12-06-2022 01:41:00 ]	Local address -> 2130706433
[ INF 12-06-2022 01:41:00 ]	Local address -> 16777343
[ INF 12-06-2022 01:41:00 ]	Local address -> 2130706433
[ INF 12-06-2022 01:41:00 ]	Bind server socket
[ FTL 12-06-2022 01:41:00 ]	Can't bind socket
[ INF 12-06-2022 01:41:27 ]	Starting server
[ INF 12-06-2022 01:41:27 ]	Configuration loaded: 
Logging configuration: 
	log_file: server.log
Server configuration: 
	Protocol: 0
	Domain: IPv4
	Type: TCP
	Port: 8888
	Max connections: 50000
	Address: 127.0.0.1
Application configuration: 
	Code Name: alpha
	App Name: Test Server
	Version: 1.0.0

[ INF 12-06-2022 01:41:27 ]	Create server socket
[ INF 12-06-2022 01:41:27 ]	Port -> 8888
[ INF 12-06-2022 01:41:27 ]	IP -> 127.0.0.1
[ INF 12-06-2022 01:41:27 ]	Local address -> 2130706433
[ INF 12-06-2022 01:41:27 ]	Local address -> 0
[ INF 12-06-2022 01:41:27 ]	Local address -> 0
[ INF 12-06-2022 01:41:27 ]	Bind server socket
[ FTL 12-06-2022 01:41:27 ]	Can't bind socket
[ INF 12-06-2022 01:41:44 ]	Starting server
[ INF 12-06-2022 01:41:44 ]	Configuration loaded: 
Logging configuration: 
	log_file: server.log
Server configuration: 
	Protocol: 0
	Domain: IPv4
	Type: TCP
	Port: 8888
	Max connections: 50000
	Address: 127.0.0.1
Application configuration: 
	Code Name: alpha
	App Name: Test Server
	Version: 1.0.0

[ INF 12-06-2022 01:41:44 ]	Create server socket
[ INF 12-06-2022 01:41:44 ]	Port -> 8888
[ INF 12-06-2022 01:41:44 ]	IP -> 127.0.0.1
[ INF 12-06-2022 01:41:44 ]	Local address -> 2130706433
[ INF 12-06-2022 01:41:44 ]	Local address -> 0
[ INF 12-06-2022 01:41:44 ]	Local address -> 0
[ INF 12-06-2022 01:41:44 ]	Bind server socket
[ FTL 12-06-2022 01:41:44 ]	Can't bind socket
[ INF 12-06-2022 01:42:30 ]	Starting server
[ INF 12-06-2022 01:42:30 ]	Configuration loaded: 
Logging configuration: 
	log_file: server.log
Server configuration: 
	Protocol: 0
	Domain: IPv4
	Type: TCP
	Port: 8888
	Max connections: 50000
	Address: 127.0.0.1
Application configuration: 
	Code Name: alpha
	App Name: Test Server
	Version: 1.0.0

[ INF 12-06-2022 01:42:30 ]	Create server socket
[ INF 12-06-2022 01:42:30 ]	Port -> 8888
[ INF 12-06-2022 01:42:30 ]	IP -> 127.0.0.1
[ INF 12-06-2022 01:42:30 ]	Bind server socket
[ FTL 12-06-2022 01:42:30 ]	Can't bind socket
[ INF 12-06-2022 01:42:52 ]	Starting server
[ INF 12-06-2022 01:42:52 ]	Configuration loaded: 
Logging configuration: 
	log_file: server.log
Server configuration: 
	Protocol: 0
	Domain: IPv4
	Type: TCP
	Port: 8888
	Max connections: 50000
	Address: 127.0.0.1
Application configuration: 
	Code Name: alpha
	App Name: Test Server
	Version: 1.0.0

[ INF 12-06-2022 01:42:52 ]	Create server socket
[ INF 12-06-2022 01:42:52 ]	Port -> 8888
[ INF 12-06-2022 01:42:52 ]	IP -> 127.0.0.1
[ INF 12-06-2022 01:42:52 ]	Bind server socket
[ INF 12-06-2022 01:42:52 ]	Start listening
[ INF 12-06-2022 01:42:52 ]	Waiting for connections...
[ INF 12-06-2022 01:43:06 ]	Starting server
[ INF 12-06-2022 01:43:06 ]	Configuration loaded: 
Logging configuration: 
	log_file: server.log
Server configuration: 
	Protocol: 0
	Domain: IPv4
	Type: TCP
	Port: 8888
	Max connections: 50000
	Address: 127.0.0.1
Application configuration: 
	Code Name: alpha
	App Name: Test Server
	Version: 1.0.0

[ INF 12-06-2022 01:43:06 ]	Create server socket
[ INF 12-06-2022 01:43:06 ]	Port -> 8888
[ INF 12-06-2022 01:43:06 ]	IP -> 127.0.0.1
[ INF 12-06-2022 01:43:06 ]	Bind server socket
[ FTL 12-06-2022 01:43:06 ]	Can't bind socket
[ INF 12-06-2022 01:43:56 ]	Starting server
[ INF 12-06-2022 01:43:56 ]	Configuration loaded: 
Logging configuration: 
	log_file: server.log
Server configuration: 
	Protocol: 0
	Domain: IPv4
	Type: TCP
	Port: 8888
	Max connections: 50000
	Address: 127.0.0.1
Application configuration: 
	Code Name: alpha
	App Name: Test Server
	Version: 1.0.0

[ INF 12-06-2022 01:43:56 ]	Create server socket
[ INF 12-06-2022 01:43:56 ]	Port -> 8888
[ INF 12-06-2022 01:43:56 ]	IP -> 127.0.0.1
[ INF 12-06-2022 01:43:56 ]	Bind server socket
[ FTL 12-06-2022 01:43:56 ]	Can't bind socket
[ INF 12-06-2022 01:45:55 ]	Starting server
[ INF 12-06-2022 01:45:55 ]	Configuration loaded: 
Logging configuration: 
	log_file: server.log
Server configuration: 
	Protocol: 0
	Domain: IPv4
	Type: TCP
	Port: 8888
	Max connections: 50000
	Address: 127.0.0.1
Application configuration: 
	Code Name: alpha
	App Name: Test Server
	Version: 1.0.0

[ INF 12-06-2022 01:45:55 ]	Create server socket
[ INF 12-06-2022 01:45:55 ]	Port -> 8888
[ INF 12-06-2022 01:45:55 ]	IP -> 127.0.0.1
[ INF 12-06-2022 01:45:55 ]	Bind server socket
[ FTL 12-06-2022 01:45:55 ]	Can't bind socket
[ INF 12-06-2022 01:46:25 ]	Starting server
[ INF 12-06-2022 01:46:25 ]	Configuration loaded: 
Logging configuration: 
	log_file: server.log
Server configuration: 
	Protocol: 0
	Domain: IPv4
	Type: TCP
	Port: 8888
	Max connections: 50000
	Address: 127.0.0.1
Application configuration: 
	Code Name: alpha
	App Name: Test Server
	Version: 1.0.0

[ INF 12-06-2022 01:46:25 ]	Create server socket
[ INF 12-06-2022 01:46:25 ]	Port -> 8888
[ INF 12-06-2022 01:46:25 ]	IP -> 127.0.0.1
[ INF 12-06-2022 01:46:25 ]	Bind server socket
[ INF 12-06-2022 01:46:25 ]	Start listening
[ INF 12-06-2022 01:46:25 ]	Waiting for connections...
[ INF 12-06-2022 01:48:23 ]	Starting server
[ INF 12-06-2022 01:48:23 ]	Configuration loaded: 
Logging configuration: 
	log_file: server.log
Server configuration: 
	Protocol: 0
	Domain: IPv4
	Type: TCP
	Port: 8888
	Max connections: 50000
	Address: 127.0.0.1
Application configuration: 
	Code Name: alpha
	App Name: Test Server
	Version: 1.0.0

[ INF 12-06-2022 01:48:23 ]	Create server socket
[ INF 12-06-2022 01:48:23 ]	Port -> 8888
[ INF 12-06-2022 01:48:23 ]	IP -> 127.0.0.1
[ INF 12-06-2022 01:48:23 ]	Bind server socket
[ INF 12-06-2022 01:48:23 ]	Start listening
[ INF 12-06-2022 01:48:23 ]	Waiting for connections...
[ INF 12-06-2022 01:49:44 ]	Starting server
[ INF 12-06-2022 01:49:44 ]	Configuration loaded: 
Logging configuration: 
	log_file: server.log
Server configuration: 
	Protocol: 0
	Domain: IPv4
	Type: TCP
	Port: 8888
	Max connections: 50000
	Address: 127.0.0.1
Application configuration: 
	Code Name: alpha
	App Name: Test Server
	Version: 1.0.0

[ INF 12-06-2022 01:49:44 ]	Create server socket
[ INF 12-06-2022 01:49:44 ]	Port -> 8888
[ INF 12-06-2022 01:49:44 ]	IP -> 127.0.0.1
[ INF 12-06-2022 01:49:44 ]	Bind server socket
[ FTL 12-06-2022 01:49:44 ]	Can't bind socket
[ INF 12-06-2022 01:49:59 ]	Starting server
[ INF 12-06-2022 01:49:59 ]	Configuration loaded: 
Logging configuration: 
	log_file: server.log
Server configuration: 
	Protocol: 0
	Domain: IPv4
	Type: TCP
	Port: 8888
	Max connections: 50000
	Address: 127.0.0.1
Application configuration: 
	Code Name: alpha
	App Name: Test Server
	Version: 1.0.0

[ INF 12-06-2022 01:49:59 ]	Create server socket
[ INF 12-06-2022 01:49:59 ]	Port -> 8888
[ INF 12-06-2022 01:49:59 ]	IP -> 127.0.0.1
[ INF 12-06-2022 01:49:59 ]	Bind server socket
[ INF 12-06-2022 01:49:59 ]	Start listening
[ INF 12-06-2022 01:49:59 ]	Waiting for connections...
